{"ip":"0:0:0:0:0:0:0:1","type":"select","source":"pc","userId":"3","companyId":"3029","rootCompanyId":"3029","module":"ADMIN_MANAGER","method":"login","moduleDesc":"用户管理","moduleName":"web/AdminController","time":"2017-03-07 23:57:45"}
{"ip":"0:0:0:0:0:0:0:1","type":"select","source":"pc","userId":"3","companyId":"3029","rootCompanyId":"3029","module":"ADMIN_MANAGER","method":"login","moduleDesc":"用户管理","moduleName":"web/AdminController","time":"2017-03-07 23:57:45"}
{"ip":"0:0:0:0:0:0:0:1","type":"select","source":"pc","userId":"3","companyId":"3029","rootCompanyId":"3029","module":"ADMIN_MANAGER","method":"login","moduleDesc":"用户管理","moduleName":"web/AdminController","time":"2017-03-07 23:57:45"}
{"ip":"0:0:0:0:0:0:0:1","type":"select","source":"pc","userId":"3","companyId":"3029","rootCompanyId":"3029","module":"ADMIN_MANAGER","method":"login","moduleDesc":"用户管理","moduleName":"web/AdminController","time":"2017-03-07 23:57:45"}
{"ip":"0:0:0:0:0:0:0:1","type":"select","source":"pc","userId":"3","companyId":"3029","rootCompanyId":"3029","module":"ADMIN_MANAGER","method":"login","moduleDesc":"用户管理","moduleName":"web/AdminController","time":"2017-03-07 23:57:45"}
{"ip":"0:0:0:0:0:0:0:1","type":"select","source":"pc","userId":"3","companyId":"3029","rootCompanyId":"3029","module":"ADMIN_MANAGER","method":"login","moduleDesc":"用户管理","moduleName":"web/AdminController","time":"2017-03-07 23:57:45"}
{"ip":"0:0:0:0:0:0:0:1","type":"select","source":"pc","userId":"3","companyId":"3029","rootCompanyId":"3029","module":"ADMIN_MANAGER","method":"login","moduleDesc":"用户管理","moduleName":"web/AdminController","time":"2017-03-07 23:57:45"}
{"ip":"0:0:0:0:0:0:0:1","type":"select","source":"pc","userId":"3","companyId":"3029","rootCompanyId":"3029","module":"ADMIN_MANAGER","method":"login","moduleDesc":"用户管理","moduleName":"web/AdminController","time":"2017-03-07 23:57:45"}
{"ip":"0:0:0:0:0:0:0:1","type":"select","source":"pc","userId":"3","companyId":"3029","rootCompanyId":"3029","module":"ADMIN_MANAGER","method":"login","moduleDesc":"用户管理","moduleName":"web/AdminController","time":"2017-03-07 23:57:45"}
{"ip":"0:0:0:0:0:0:0:1","type":"select","source":"pc","userId":"3","companyId":"3029","rootCompanyId":"3029","module":"ADMIN_MANAGER","method":"login","moduleDesc":"用户管理","moduleName":"web/AdminController","time":"2017-03-07 23:57:45"}
{"ip":"0:0:0:0:0:0:0:1","type":"select","source":"pc","userId":"3","companyId":"3029","rootCompanyId":"3029","module":"ADMIN_MANAGER","method":"login","moduleDesc":"用户管理","moduleName":"web/AdminController","time":"2017-03-07 23:57:45"}
{"ip":"0:0:0:0:0:0:0:1","type":"select","source":"pc","userId":"3","companyId":"3029","rootCompanyId":"3029","module":"ADMIN_MANAGER","method":"login","moduleDesc":"用户管理","moduleName":"web/AdminController","time":"2017-03-07 23:57:45"}
{"ip":"0:0:0:0:0:0:0:1","type":"select","source":"pc","userId":"3","companyId":"3029","rootCompanyId":"3029","module":"ADMIN_MANAGER","method":"login","moduleDesc":"用户管理","moduleName":"web/AdminController","time":"2017-03-07 23:57:45"}
{"ip":"0:0:0:0:0:0:0:1","type":"select","source":"pc","userId":"3","companyId":"3029","rootCompanyId":"3029","module":"DATA_REPORT","method":"login","moduleDesc":"用户管理","moduleName":"web/AdminController","time":"2017-03-07 23:57:45"}
{"ip":"0:0:0:0:0:0:0:1","type":"select","source":"pc","userId":"3","companyId":"3029","rootCompanyId":"3029","module":"ADMIN_MANAGER","method":"login","moduleDesc":"用户管理","moduleName":"web/AdminController","time":"2017-03-07 23:57:45"}
{"ip":"0:0:0:0:0:0:0:1","type":"select","source":"pc","userId":"3","companyId":"2","rootCompanyId":"2","module":"ADMIN_MANAGER","method":"login","moduleDesc":"用户管理","moduleName":"web/AdminController","time":"2017-03-07 23:57:45"}
{"ip":"0:0:0:0:0:0:0:1","type":"select","source":"pc","userId":"3","companyId":"2","rootCompanyId":"2","module":"DATA_REPORT","method":"login","moduleDesc":"用户管理","moduleName":"web/AdminController","time":"2017-03-07 23:57:45"}
{"ip":"0:0:0:0:0:0:0:1","type":"select","source":"pc","userId":"3","companyId":"2","rootCompanyId":"2","module":"ADMIN_MANAGER","method":"login","moduleDesc":"用户管理","moduleName":"web/AdminController","time":"2017-03-07 23:57:45"}
{"ip":"0:0:0:0:0:0:0:1","type":"select","source":"pc","userId":"3","companyId":"3002","rootCompanyId":"2","module":"ADMIN_MANAGER","method":"login","moduleDesc":"用户管理","moduleName":"web/AdminController","time":"2017-03-07 23:57:45"}
{"ip":"0:0:0:0:0:0:0:1","type":"select","source":"pc","userId":"2","companyId":"3009","rootCompanyId":"2","module":"INVENTORY_MANAGER","method":"login","moduleDesc":"用户管理","moduleName":"web/AdminController","time":"2017-03-07 23:57:45"}
{"ip":"0:0:0:0:0:0:0:1","type":"select","source":"pc","userId":"3","companyId":"3002","rootCompanyId":"2","module":"ADMIN_MANAGER","method":"login","moduleDesc":"用户管理","moduleName":"web/AdminController","time":"2017-03-07 23:57:45"}
{"ip":"0:0:0:0:0:0:0:1","type":"select","source":"pc","userId":"3","companyId":"3014","rootCompanyId":"2","module":"ADMIN_MANAGER","method":"login","moduleDesc":"用户管理","moduleName":"web/AdminController","time":"2017-03-07 23:57:45"}
{"ip":"0:0:0:0:0:0:0:1","type":"select","source":"pc","userId":"3","companyId":"3026","rootCompanyId":"2","module":"INVENTORY_MANAGER","method":"login","moduleDesc":"用户管理","moduleName":"web/AdminController","time":"2017-03-07 23:57:45"}
{"ip":"0:0:0:0:0:0:0:1","type":"select","source":"pc","userId":"3","companyId":"3026","rootCompanyId":"2","module":"ADMIN_MANAGER","method":"login","moduleDesc":"用户管理","moduleName":"web/AdminController","time":"2017-03-07 23:57:45"}
{"ip":"0:0:0:0:0:0:0:1","type":"select","source":"pc","userId":"3","companyId":"3026","rootCompanyId":"2","module":"INVENTORY_MANAGER","method":"login","moduleDesc":"用户管理","moduleName":"web/AdminController","time":"2017-03-07 23:57:45"}
{"ip":"0:0:0:0:0:0:0:1","type":"select","source":"pc","userId":"3","companyId":"3002","rootCompanyId":"2","module":"ADMIN_MANAGER","method":"login","moduleDesc":"用户管理","moduleName":"web/AdminController","time":"2017-03-07 23:57:45"}
{"ip":"0:0:0:0:0:0:0:1","type":"select","source":"pc","userId":"3","companyId":"3009","rootCompanyId":"2","module":"INVENTORY_MANAGER","method":"login","moduleDesc":"用户管理","moduleName":"web/AdminController","time":"2017-03-07 23:57:45"}
{"ip":"0:0:0:0:0:0:0:1","type":"select","source":"pc","userId":"3","companyId":"3029","rootCompanyId":"3029","module":"ADMIN_MANAGER","method":"login","moduleDesc":"用户管理","moduleName":"web/AdminController","time":"2017-03-07 23:57:45"}
{"ip":"0:0:0:0:0:0:0:1","type":"select","source":"pc","userId":"3","companyId":"3029","rootCompanyId":"3029","module":"ADMIN_MANAGER","method":"login","moduleDesc":"用户管理","moduleName":"web/AdminController","time":"2017-03-07 23:57:45"}
{"ip":"0:0:0:0:0:0:0:1","type":"select","source":"pc","userId":"3","companyId":"3029","rootCompanyId":"3029","module":"ADMIN_MANAGER","method":"login","moduleDesc":"用户管理","moduleName":"web/AdminController","time":"2017-03-07 23:57:45"}
{"ip":"0:0:0:0:0:0:0:1","type":"select","source":"pc","userId":"3","companyId":"3029","rootCompanyId":"3029","module":"ADMIN_MANAGER","method":"login","moduleDesc":"用户管理","moduleName":"web/AdminController","time":"2017-03-07 23:57:45"}
{"ip":"0:0:0:0:0:0:0:1","type":"select","source":"pc","userId":"3","companyId":"3029","rootCompanyId":"3029","module":"ADMIN_MANAGER","method":"login","moduleDesc":"用户管理","moduleName":"web/AdminController","time":"2017-03-07 23:57:45"}
{"ip":"0:0:0:0:0:0:0:1","type":"select","source":"pc","userId":"3","companyId":"3029","rootCompanyId":"3029","module":"ADMIN_MANAGER","method":"login","moduleDesc":"用户管理","moduleName":"web/AdminController","time":"2017-03-07 23:57:45"}
{"ip":"0:0:0:0:0:0:0:1","type":"select","source":"pc","userId":"3","companyId":"3029","rootCompanyId":"3029","module":"ADMIN_MANAGER","method":"login","moduleDesc":"用户管理","moduleName":"web/AdminController","time":"2017-03-07 23:57:45"}
{"ip":"0:0:0:0:0:0:0:1","type":"select","source":"pc","userId":"3","companyId":"3029","rootCompanyId":"3029","module":"ADMIN_MANAGER","method":"login","moduleDesc":"用户管理","moduleName":"web/AdminController","time":"2017-03-07 23:57:45"}
{"ip":"0:0:0:0:0:0:0:1","type":"select","source":"pc","userId":"3","companyId":"3029","rootCompanyId":"3029","module":"ADMIN_MANAGER","method":"login","moduleDesc":"用户管理","moduleName":"web/AdminController","time":"2017-03-07 23:57:45"}
{"ip":"0:0:0:0:0:0:0:1","type":"select","source":"pc","userId":"3","companyId":"3029","rootCompanyId":"3029","module":"ADMIN_MANAGER","method":"login","moduleDesc":"用户管理","moduleName":"web/AdminController","time":"2017-03-07 23:57:45"}
{"ip":"0:0:0:0:0:0:0:1","type":"select","source":"pc","userId":"3","companyId":"3029","rootCompanyId":"3029","module":"ADMIN_MANAGER","method":"login","moduleDesc":"用户管理","moduleName":"web/AdminController","time":"2017-03-07 23:57:45"}
{"ip":"0:0:0:0:0:0:0:1","type":"select","source":"pc","userId":"3","companyId":"3029","rootCompanyId":"3029","module":"ADMIN_MANAGER","method":"login","moduleDesc":"用户管理","moduleName":"web/AdminController","time":"2017-03-07 23:57:45"}
{"ip":"0:0:0:0:0:0:0:1","type":"select","source":"pc","userId":"3","companyId":"3029","rootCompanyId":"3029","module":"ASSET_MANAGER","method":"login","moduleDesc":"用户管理","moduleName":"web/AdminController","time":"2017-03-07 23:57:45"}
{"ip":"0:0:0:0:0:0:0:1","type":"select","source":"pc","userId":"3","companyId":"3029","rootCompanyId":"3029","module":"ADMIN_MANAGER","method":"login","moduleDesc":"用户管理","moduleName":"web/AdminController","time":"2017-03-07 23:57:45"}
{"ip":"0:0:0:0:0:0:0:1","type":"select","source":"pc","userId":"3","companyId":"3029","rootCompanyId":"3029","module":"ADMIN_MANAGER","method":"login","moduleDesc":"用户管理","moduleName":"web/AdminController","time":"2017-03-07 23:57:45"}
{"ip":"0:0:0:0:0:0:0:1","type":"select","source":"pc","userId":"3","companyId":"3029","rootCompanyId":"3029","module":"ASSET_MANAGER","method":"login","moduleDesc":"用户管理","moduleName":"web/AdminController","time":"2017-03-07 23:57:45"}
{"ip":"0:0:0:0:0:0:0:1","type":"select","source":"pc","userId":"3","companyId":"3029","rootCompanyId":"3029","module":"ADMIN_MANAGER","method":"login","moduleDesc":"用户管理","moduleName":"web/AdminController","time":"2017-03-07 23:57:45"}
{"ip":"0:0:0:0:0:0:0:1","type":"select","source":"pc","userId":"3","companyId":"3029","rootCompanyId":"3029","module":"ADMIN_MANAGER","method":"login","moduleDesc":"用户管理","moduleName":"web/AdminController","time":"2017-03-07 23:57:45"}
{"ip":"0:0:0:0:0:0:0:1","type":"select","source":"pc","userId":"3","companyId":"3029","rootCompanyId":"3029","module":"ADMIN_MANAGER","method":"login","moduleDesc":"用户管理","moduleName":"web/AdminController","time":"2017-03-07 23:57:45"}
{"ip":"0:0:0:0:0:0:0:1","type":"select","source":"pc","userId":"2","companyId":"3029","rootCompanyId":"3029","module":"ASSET_MANAGER","method":"login","moduleDesc":"用户管理","moduleName":"web/AdminController","time":"2017-03-07 23:57:45"}
{"ip":"0:0:0:0:0:0:0:1","type":"select","source":"pc","userId":"2","companyId":"3029","rootCompanyId":"3029","module":"ADMIN_MANAGER","method":"login","moduleDesc":"用户管理","moduleName":"web/AdminController","time":"2017-03-07 23:57:45"}
{"ip":"0:0:0:0:0:0:0:1","type":"select","source":"pc","userId":"2","companyId":"3029","rootCompanyId":"3029","module":"ADMIN_MANAGER","method":"login","moduleDesc":"用户管理","moduleName":"web/AdminController","time":"2017-03-07 23:57:45"}
{"ip":"0:0:0:0:0:0:0:1","type":"select","source":"pc","userId":"3","companyId":"3029","rootCompanyId":"3029","module":"ADMIN_MANAGER","method":"login","moduleDesc":"用户管理","moduleName":"web/AdminController","time":"2017-03-07 23:57:45"}
{"ip":"0:0:0:0:0:0:0:1","type":"select","source":"pc","userId":"3","companyId":"3029","rootCompanyId":"3029","module":"ADMIN_MANAGER","method":"login","moduleDesc":"用户管理","moduleName":"web/AdminController","time":"2017-03-07 23:57:45"}
{"ip":"0:0:0:0:0:0:0:1","type":"select","source":"pc","userId":"3","companyId":"3029","rootCompanyId":"3029","module":"ADMIN_MANAGER","method":"login","moduleDesc":"用户管理","moduleName":"web/AdminController","time":"2017-03-07 23:57:45"}
{"ip":"0:0:0:0:0:0:0:1","type":"select","source":"pc","userId":"3","companyId":"3029","rootCompanyId":"3029","module":"ADMIN_MANAGER","method":"login","moduleDesc":"用户管理","moduleName":"web/AdminController","time":"2017-03-07 23:57:45"}
{"ip":"0:0:0:0:0:0:0:1","type":"select","source":"pc","userId":"3","companyId":"3029","rootCompanyId":"3029","module":"ADMIN_MANAGER","method":"login","moduleDesc":"用户管理","moduleName":"web/AdminController","time":"2017-03-07 23:57:45"}
{"ip":"0:0:0:0:0:0:0:1","type":"select","source":"pc","userId":"3","companyId":"3029","rootCompanyId":"3029","module":"ADMIN_MANAGER","method":"login","moduleDesc":"用户管理","moduleName":"web/AdminController","time":"2017-03-07 23:57:45"}
{"ip":"0:0:0:0:0:0:0:1","type":"select","source":"pc","userId":"3","companyId":"3029","rootCompanyId":"3029","module":"ADMIN_MANAGER","method":"login","moduleDesc":"用户管理","moduleName":"web/AdminController","time":"2017-03-07 23:57:45"}
{"ip":"0:0:0:0:0:0:0:1","type":"select","source":"pc","userId":"3","companyId":"3029","rootCompanyId":"3029","module":"ADMIN_MANAGER","method":"login","moduleDesc":"用户管理","moduleName":"web/AdminController","time":"2017-03-07 23:57:45"}
{"ip":"0:0:0:0:0:0:0:1","type":"select","source":"pc","userId":"3","companyId":"3029","rootCompanyId":"3029","module":"ADMIN_MANAGER","method":"login","moduleDesc":"用户管理","moduleName":"web/AdminController","time":"2017-03-07 23:57:45"}
{"ip":"0:0:0:0:0:0:0:1","type":"select","source":"pc","userId":"3","companyId":"3029","rootCompanyId":"3029","module":"ADMIN_MANAGER","method":"login","moduleDesc":"用户管理","moduleName":"web/AdminController","time":"2017-03-07 23:57:45"}
{"ip":"0:0:0:0:0:0:0:1","type":"select","source":"pc","userId":"3","companyId":"3029","rootCompanyId":"3029","module":"ADMIN_MANAGER","method":"login","moduleDesc":"用户管理","moduleName":"web/AdminController","time":"2017-03-07 23:57:45"}
{"ip":"0:0:0:0:0:0:0:1","type":"select","source":"pc","userId":"3","companyId":"3029","rootCompanyId":"3029","module":"ADMIN_MANAGER","method":"login","moduleDesc":"用户管理","moduleName":"web/AdminController","time":"2017-03-07 23:57:45"}
{"ip":"0:0:0:0:0:0:0:1","type":"select","source":"pc","userId":"3","companyId":"3029","rootCompanyId":"3029","module":"ADMIN_MANAGER","method":"login","moduleDesc":"用户管理","moduleName":"web/AdminController","time":"2017-03-07 23:57:45"}
{"ip":"0:0:0:0:0:0:0:1","type":"select","source":"pc","userId":"3","companyId":"3029","rootCompanyId":"3029","module":"ADMIN_MANAGER","method":"login","moduleDesc":"用户管理","moduleName":"web/AdminController","time":"2017-03-07 23:57:45"}
{"ip":"0:0:0:0:0:0:0:1","type":"select","source":"pc","userId":"3","companyId":"3029","rootCompanyId":"3029","module":"ADMIN_MANAGER","method":"login","moduleDesc":"用户管理","moduleName":"web/AdminController","time":"2017-03-07 23:57:45"}
{"ip":"0:0:0:0:0:0:0:1","type":"select","source":"pc","userId":"3","companyId":"3029","rootCompanyId":"3029","module":"ADMIN_MANAGER","method":"login","moduleDesc":"用户管理","moduleName":"web/AdminController","time":"2017-03-07 23:57:45"}
{"ip":"0:0:0:0:0:0:0:1","type":"select","source":"pc","userId":"3","companyId":"3029","rootCompanyId":"3029","module":"ADMIN_MANAGER","method":"login","moduleDesc":"用户管理","moduleName":"web/AdminController","time":"2017-03-07 23:57:45"}
{"ip":"0:0:0:0:0:0:0:1","type":"select","source":"pc","userId":"3","companyId":"3029","rootCompanyId":"3029","module":"ADMIN_MANAGER","method":"login","moduleDesc":"用户管理","moduleName":"web/AdminController","time":"2017-03-07 23:57:45"}
{"ip":"0:0:0:0:0:0:0:1","type":"select","source":"pc","userId":"3","companyId":"3029","rootCompanyId":"3029","module":"ADMIN_MANAGER","method":"login","moduleDesc":"用户管理","moduleName":"web/AdminController","time":"2017-03-07 23:57:45"}
{"ip":"0:0:0:0:0:0:0:1","type":"select","source":"pc","userId":"3","companyId":"3029","rootCompanyId":"3029","module":"ADMIN_MANAGER","method":"login","moduleDesc":"用户管理","moduleName":"web/AdminController","time":"2017-03-07 23:57:45"}
{"ip":"0:0:0:0:0:0:0:1","type":"select","source":"pc","userId":"3","companyId":"3029","rootCompanyId":"3029","module":"ADMIN_MANAGER","method":"login","moduleDesc":"用户管理","moduleName":"web/AdminController","time":"2017-03-07 23:57:45"}
{"ip":"0:0:0:0:0:0:0:1","type":"select","source":"pc","userId":"3","companyId":"3029","rootCompanyId":"3029","module":"ADMIN_MANAGER","method":"login","moduleDesc":"用户管理","moduleName":"web/AdminController","time":"2017-03-07 23:57:45"}
{"ip":"0:0:0:0:0:0:0:1","type":"select","source":"pc","userId":"3","companyId":"3029","rootCompanyId":"3029","module":"ADMIN_MANAGER","method":"login","moduleDesc":"用户管理","moduleName":"web/AdminController","time":"2017-03-07 23:57:45"}
{"ip":"0:0:0:0:0:0:0:1","type":"select","source":"pc","userId":"3","companyId":"3029","rootCompanyId":"3029","module":"ADMIN_MANAGER","method":"login","moduleDesc":"用户管理","moduleName":"web/AdminController","time":"2017-03-07 23:57:45"}
{"ip":"0:0:0:0:0:0:0:1","type":"select","source":"pc","userId":"3","companyId":"3029","rootCompanyId":"3029","module":"ADMIN_MANAGER","method":"login","moduleDesc":"用户管理","moduleName":"web/AdminController","time":"2017-03-07 23:57:45"}
{"ip":"0:0:0:0:0:0:0:1","type":"select","source":"pc","userId":"3","companyId":"3029","rootCompanyId":"3029","module":"ADMIN_MANAGER","method":"login","moduleDesc":"用户管理","moduleName":"web/AdminController","time":"2017-03-07 23:57:45"}
{"ip":"0:0:0:0:0:0:0:1","type":"select","source":"pc","userId":"3","companyId":"3029","rootCompanyId":"3029","module":"ADMIN_MANAGER","method":"login","moduleDesc":"用户管理","moduleName":"web/AdminController","time":"2017-03-07 23:57:45"}
{"ip":"0:0:0:0:0:0:0:1","type":"select","source":"pc","userId":"3","companyId":"3029","rootCompanyId":"3029","module":"ADMIN_MANAGER","method":"login","moduleDesc":"用户管理","moduleName":"web/AdminController","time":"2017-03-07 23:57:45"}
{"ip":"0:0:0:0:0:0:0:1","type":"select","source":"pc","userId":"3","companyId":"3029","rootCompanyId":"3029","module":"ADMIN_MANAGER","method":"login","moduleDesc":"用户管理","moduleName":"web/AdminController","time":"2017-03-07 23:57:45"}
{"ip":"0:0:0:0:0:0:0:1","type":"select","source":"pc","userId":"3","companyId":"3029","rootCompanyId":"3029","module":"ADMIN_MANAGER","method":"login","moduleDesc":"用户管理","moduleName":"web/AdminController","time":"2017-03-07 23:57:45"}
{"ip":"0:0:0:0:0:0:0:1","type":"select","source":"pc","userId":"3","companyId":"3029","rootCompanyId":"3029","module":"ADMIN_MANAGER","method":"login","moduleDesc":"用户管理","moduleName":"web/AdminController","time":"2017-03-07 23:57:45"}
{"ip":"0:0:0:0:0:0:0:1","type":"select","source":"pc","userId":"3","companyId":"3029","rootCompanyId":"3029","module":"ADMIN_MANAGER","method":"login","moduleDesc":"用户管理","moduleName":"web/AdminController","time":"2017-03-07 23:57:45"}
{"ip":"0:0:0:0:0:0:0:1","type":"select","source":"pc","userId":"3","companyId":"3029","rootCompanyId":"3029","module":"ADMIN_MANAGER","method":"login","moduleDesc":"用户管理","moduleName":"web/AdminController","time":"2017-03-07 23:57:45"}
{"ip":"0:0:0:0:0:0:0:1","type":"select","source":"pc","userId":"3","companyId":"3029","rootCompanyId":"3029","module":"ADMIN_MANAGER","method":"login","moduleDesc":"用户管理","moduleName":"web/AdminController","time":"2017-03-07 23:57:45"}
{"ip":"0:0:0:0:0:0:0:1","type":"select","source":"pc","userId":"3","companyId":"3029","rootCompanyId":"3029","module":"ADMIN_MANAGER","method":"login","moduleDesc":"用户管理","moduleName":"web/AdminController","time":"2017-03-07 23:57:45"}
{"ip":"0:0:0:0:0:0:0:1","type":"select","source":"pc","userId":"3","companyId":"3029","rootCompanyId":"3029","module":"ADMIN_MANAGER","method":"login","moduleDesc":"用户管理","moduleName":"web/AdminController","time":"2017-03-07 23:57:45"}
{"ip":"0:0:0:0:0:0:0:1","type":"select","source":"pc","userId":"3","companyId":"3029","rootCompanyId":"3029","module":"ADMIN_MANAGER","method":"login","moduleDesc":"用户管理","moduleName":"web/AdminController","time":"2017-03-07 23:57:45"}
{"ip":"0:0:0:0:0:0:0:1","type":"select","source":"pc","userId":"3","companyId":"3029","rootCompanyId":"3029","module":"ADMIN_MANAGER","method":"login","moduleDesc":"用户管理","moduleName":"web/AdminController","time":"2017-03-07 23:57:45"}
{"ip":"0:0:0:0:0:0:0:1","type":"select","source":"pc","userId":"3","companyId":"3029","rootCompanyId":"3029","module":"ADMIN_MANAGER","method":"login","moduleDesc":"用户管理","moduleName":"web/AdminController","time":"2017-03-07 23:57:45"}
{"ip":"0:0:0:0:0:0:0:1","type":"select","source":"pc","userId":"3","companyId":"3029","rootCompanyId":"3029","module":"ADMIN_MANAGER","method":"login","moduleDesc":"用户管理","moduleName":"web/AdminController","time":"2017-03-07 23:57:45"}
{"ip":"0:0:0:0:0:0:0:1","type":"select","source":"pc","userId":"3","companyId":"3029","rootCompanyId":"3029","module":"ADMIN_MANAGER","method":"login","moduleDesc":"用户管理","moduleName":"web/AdminController","time":"2017-03-07 23:57:45"}
{"ip":"0:0:0:0:0:0:0:1","type":"select","source":"pc","userId":"3","companyId":"3029","rootCompanyId":"3029","module":"ADMIN_MANAGER","method":"login","moduleDesc":"用户管理","moduleName":"web/AdminController","time":"2017-03-07 23:57:45"}
{"ip":"0:0:0:0:0:0:0:1","type":"select","source":"pc","userId":"3","companyId":"3029","rootCompanyId":"3029","module":"ADMIN_MANAGER","method":"login","moduleDesc":"用户管理","moduleName":"web/AdminController","time":"2017-03-07 23:57:45"}
{"ip":"0:0:0:0:0:0:0:1","type":"select","source":"pc","userId":"3","companyId":"3029","rootCompanyId":"3029","module":"ADMIN_MANAGER","method":"login","moduleDesc":"用户管理","moduleName":"web/AdminController","time":"2017-03-07 23:57:45"}
{"ip":"0:0:0:0:0:0:0:1","type":"select","source":"pc","userId":"3","companyId":"3029","rootCompanyId":"3029","module":"ADMIN_MANAGER","method":"login","moduleDesc":"用户管理","moduleName":"web/AdminController","time":"2017-03-07 23:57:45"}
{"ip":"0:0:0:0:0:0:0:1","type":"select","source":"pc","userId":"3","companyId":"3029","rootCompanyId":"3029","module":"ADMIN_MANAGER","method":"login","moduleDesc":"用户管理","moduleName":"web/AdminController","time":"2017-03-07 23:57:45"}
{"ip":"0:0:0:0:0:0:0:1","type":"select","source":"pc","userId":"3","companyId":"3029","rootCompanyId":"3029","module":"ADMIN_MANAGER","method":"login","moduleDesc":"用户管理","moduleName":"web/AdminController","time":"2017-03-07 23:57:45"}
{"ip":"0:0:0:0:0:0:0:1","type":"select","source":"pc","userId":"3","companyId":"3029","rootCompanyId":"3029","module":"ADMIN_MANAGER","method":"login","moduleDesc":"用户管理","moduleName":"web/AdminController","time":"2017-03-07 23:57:45"}
{"ip":"0:0:0:0:0:0:0:1","type":"select","source":"pc","userId":"3","companyId":"3029","rootCompanyId":"3029","module":"ADMIN_MANAGER","method":"login","moduleDesc":"用户管理","moduleName":"web/AdminController","time":"2017-03-07 23:57:45"}
{"ip":"0:0:0:0:0:0:0:1","type":"select","source":"pc","userId":"3","companyId":"3029","rootCompanyId":"3029","module":"ADMIN_MANAGER","method":"login","moduleDesc":"用户管理","moduleName":"web/AdminController","time":"2017-03-07 23:57:45"}
{"ip":"0:0:0:0:0:0:0:1","type":"select","source":"pc","userId":"3","companyId":"3029","rootCompanyId":"3029","module":"ADMIN_MANAGER","method":"login","moduleDesc":"用户管理","moduleName":"web/AdminController","time":"2017-03-07 23:57:45"}
{"ip":"0:0:0:0:0:0:0:1","type":"select","source":"pc","userId":"3","companyId":"3029","rootCompanyId":"3029","module":"ADMIN_MANAGER","method":"login","moduleDesc":"用户管理","moduleName":"web/AdminController","time":"2017-03-07 23:57:45"}
{"ip":"0:0:0:0:0:0:0:1","type":"select","source":"pc","userId":"3","companyId":"3029","rootCompanyId":"3029","module":"ADMIN_MANAGER","method":"login","moduleDesc":"用户管理","moduleName":"web/AdminController","time":"2017-03-07 23:57:45"}
{"ip":"0:0:0:0:0:0:0:1","type":"select","source":"pc","userId":"3","companyId":"3029","rootCompanyId":"3029","module":"ADMIN_MANAGER","method":"login","moduleDesc":"用户管理","moduleName":"web/AdminController","time":"2017-03-07 23:57:45"}
{"ip":"0:0:0:0:0:0:0:1","type":"select","source":"pc","userId":"3","companyId":"3029","rootCompanyId":"3029","module":"ADMIN_MANAGER","method":"login","moduleDesc":"用户管理","moduleName":"web/AdminController","time":"2017-03-07 23:57:45"}
{"ip":"0:0:0:0:0:0:0:1","type":"select","source":"pc","userId":"3","companyId":"3029","rootCompanyId":"3029","module":"ADMIN_MANAGER","method":"login","moduleDesc":"用户管理","moduleName":"web/AdminController","time":"2017-03-07 23:57:45"}
{"ip":"0:0:0:0:0:0:0:1","type":"select","source":"pc","userId":"3","companyId":"3029","rootCompanyId":"3029","module":"ADMIN_MANAGER","method":"login","moduleDesc":"用户管理","moduleName":"web/AdminController","time":"2017-03-07 23:57:45"}
{"ip":"0:0:0:0:0:0:0:1","type":"select","source":"pc","userId":"3","companyId":"3029","rootCompanyId":"3029","module":"ADMIN_MANAGER","method":"login","moduleDesc":"用户管理","moduleName":"web/AdminController","time":"2017-03-07 23:57:45"}
{"ip":"0:0:0:0:0:0:0:1","type":"select","source":"pc","userId":"3","companyId":"3029","rootCompanyId":"3029","module":"ADMIN_MANAGER","method":"login","moduleDesc":"用户管理","moduleName":"web/AdminController","time":"2017-03-07 23:57:45"}
{"ip":"0:0:0:0:0:0:0:1","type":"select","source":"pc","userId":"3","companyId":"3029","rootCompanyId":"3029","module":"ADMIN_MANAGER","method":"login","moduleDesc":"用户管理","moduleName":"web/AdminController","time":"2017-03-07 23:57:45"}
{"ip":"0:0:0:0:0:0:0:1","type":"select","source":"pc","userId":"3","companyId":"3029","rootCompanyId":"3029","module":"ADMIN_MANAGER","method":"login","moduleDesc":"用户管理","moduleName":"web/AdminController","time":"2017-03-07 23:57:45"}
{"ip":"0:0:0:0:0:0:0:1","type":"select","source":"pc","userId":"3","companyId":"3029","rootCompanyId":"3029","module":"ADMIN_MANAGER","method":"login","moduleDesc":"用户管理","moduleName":"web/AdminController","time":"2017-03-07 23:57:45"}
{"ip":"0:0:0:0:0:0:0:1","type":"select","source":"pc","userId":"3","companyId":"3029","rootCompanyId":"3029","module":"ADMIN_MANAGER","method":"login","moduleDesc":"用户管理","moduleName":"web/AdminController","time":"2017-03-07 23:57:45"}
{"ip":"0:0:0:0:0:0:0:1","type":"select","source":"pc","userId":"3","companyId":"3029","rootCompanyId":"3029","module":"ADMIN_MANAGER","method":"login","moduleDesc":"用户管理","moduleName":"web/AdminController","time":"2017-03-07 23:57:45"}
{"ip":"0:0:0:0:0:0:0:1","type":"select","source":"pc","userId":"3","companyId":"3029","rootCompanyId":"3029","module":"ADMIN_MANAGER","method":"login","moduleDesc":"用户管理","moduleName":"web/AdminController","time":"2017-03-07 23:57:45"}
{"ip":"0:0:0:0:0:0:0:1","type":"select","source":"pc","userId":"3","companyId":"3029","rootCompanyId":"3029","module":"ADMIN_MANAGER","method":"login","moduleDesc":"用户管理","moduleName":"web/AdminController","time":"2017-03-07 23:57:45"}
{"ip":"0:0:0:0:0:0:0:1","type":"select","source":"pc","userId":"3","companyId":"3029","rootCompanyId":"3029","module":"ADMIN_MANAGER","method":"login","moduleDesc":"用户管理","moduleName":"web/AdminController","time":"2017-03-07 23:57:45"}
{"ip":"0:0:0:0:0:0:0:1","type":"select","source":"pc","userId":"3","companyId":"3029","rootCompanyId":"3029","module":"ADMIN_MANAGER","method":"login","moduleDesc":"用户管理","moduleName":"web/AdminController","time":"2017-03-07 23:57:45"}
{"ip":"0:0:0:0:0:0:0:1","type":"select","source":"pc","userId":"3","companyId":"3029","rootCompanyId":"3029","module":"ADMIN_MANAGER","method":"login","moduleDesc":"用户管理","moduleName":"web/AdminController","time":"2017-03-07 23:57:45"}
{"ip":"0:0:0:0:0:0:0:1","type":"select","source":"pc","userId":"3","companyId":"3029","rootCompanyId":"3029","module":"ADMIN_MANAGER","method":"login","moduleDesc":"用户管理","moduleName":"web/AdminController","time":"2017-03-07 23:57:45"}
{"ip":"0:0:0:0:0:0:0:1","type":"select","source":"pc","userId":"3","companyId":"3029","rootCompanyId":"3029","module":"ADMIN_MANAGER","method":"login","moduleDesc":"用户管理","moduleName":"web/AdminController","time":"2017-03-07 23:57:45"}
{"ip":"0:0:0:0:0:0:0:1","type":"select","source":"pc","userId":"3","companyId":"3029","rootCompanyId":"3029","module":"ADMIN_MANAGER","method":"login","moduleDesc":"用户管理","moduleName":"web/AdminController","time":"2017-03-07 23:57:45"}
{"ip":"0:0:0:0:0:0:0:1","type":"select","source":"pc","userId":"3","companyId":"3029","rootCompanyId":"3029","module":"ADMIN_MANAGER","method":"login","moduleDesc":"用户管理","moduleName":"web/AdminController","time":"2017-03-07 23:57:45"}
{"ip":"0:0:0:0:0:0:0:1","type":"select","source":"pc","userId":"3","companyId":"3029","rootCompanyId":"3029","module":"ADMIN_MANAGER","method":"login","moduleDesc":"用户管理","moduleName":"web/AdminController","time":"2017-03-07 23:57:45"}
{"ip":"0:0:0:0:0:0:0:1","type":"select","source":"pc","userId":"3","companyId":"3029","rootCompanyId":"3029","module":"ADMIN_MANAGER","method":"login","moduleDesc":"用户管理","moduleName":"web/AdminController","time":"2017-03-07 23:57:45"}
{"ip":"0:0:0:0:0:0:0:1","type":"select","source":"pc","userId":"3","companyId":"3029","rootCompanyId":"3029","module":"ADMIN_MANAGER","method":"login","moduleDesc":"用户管理","moduleName":"web/AdminController","time":"2017-03-07 23:57:45"}
{"ip":"0:0:0:0:0:0:0:1","type":"select","source":"pc","userId":"3","companyId":"3029","rootCompanyId":"3029","module":"ADMIN_MANAGER","method":"login","moduleDesc":"用户管理","moduleName":"web/AdminController","time":"2017-03-07 23:57:45"}
{"ip":"0:0:0:0:0:0:0:1","type":"select","source":"pc","userId":"3","companyId":"3029","rootCompanyId":"3029","module":"ADMIN_MANAGER","method":"login","moduleDesc":"用户管理","moduleName":"web/AdminController","time":"2017-03-07 23:57:45"}
{"ip":"0:0:0:0:0:0:0:1","type":"select","source":"pc","userId":"3","companyId":"3029","rootCompanyId":"3029","module":"ADMIN_MANAGER","method":"login","moduleDesc":"用户管理","moduleName":"web/AdminController","time":"2017-03-07 23:57:45"}
{"ip":"0:0:0:0:0:0:0:1","type":"select","source":"pc","userId":"3","companyId":"3029","rootCompanyId":"3029","module":"ADMIN_MANAGER","method":"login","moduleDesc":"用户管理","moduleName":"web/AdminController","time":"2017-03-07 23:57:45"}
{"ip":"0:0:0:0:0:0:0:1","type":"select","source":"pc","userId":"3","companyId":"3029","rootCompanyId":"3029","module":"ADMIN_MANAGER","method":"login","moduleDesc":"用户管理","moduleName":"web/AdminController","time":"2017-03-07 23:57:45"}
{"ip":"0:0:0:0:0:0:0:1","type":"select","source":"pc","userId":"3","companyId":"3029","rootCompanyId":"3029","module":"ADMIN_MANAGER","method":"login","moduleDesc":"用户管理","moduleName":"web/AdminController","time":"2017-03-07 23:57:45"}
{"ip":"0:0:0:0:0:0:0:1","type":"select","source":"pc","userId":"3","companyId":"3029","rootCompanyId":"3029","module":"ADMIN_MANAGER","method":"login","moduleDesc":"用户管理","moduleName":"web/AdminController","time":"2017-03-07 23:57:45"}
{"ip":"0:0:0:0:0:0:0:1","type":"select","source":"pc","userId":"3","companyId":"3029","rootCompanyId":"3029","module":"ADMIN_MANAGER","method":"login","moduleDesc":"用户管理","moduleName":"web/AdminController","time":"2017-03-07 23:57:45"}
{"ip":"0:0:0:0:0:0:0:1","type":"select","source":"pc","userId":"3","companyId":"3029","rootCompanyId":"3029","module":"ADMIN_MANAGER","method":"login","moduleDesc":"用户管理","moduleName":"web/AdminController","time":"2017-03-07 23:57:45"}
{"ip":"0:0:0:0:0:0:0:1","type":"select","source":"pc","userId":"3","companyId":"3029","rootCompanyId":"3029","module":"ADMIN_MANAGER","method":"login","moduleDesc":"用户管理","moduleName":"web/AdminController","time":"2017-03-07 23:57:45"}
{"ip":"0:0:0:0:0:0:0:1","type":"select","source":"pc","userId":"3","companyId":"3029","rootCompanyId":"3029","module":"ADMIN_MANAGER","method":"login","moduleDesc":"用户管理","moduleName":"web/AdminController","time":"2017-03-07 23:57:45"}
{"ip":"0:0:0:0:0:0:0:1","type":"select","source":"pc","userId":"3","companyId":"3029","rootCompanyId":"3029","module":"ADMIN_MANAGER","method":"login","moduleDesc":"用户管理","moduleName":"web/AdminController","time":"2017-03-07 23:57:45"}
{"ip":"0:0:0:0:0:0:0:1","type":"select","source":"pc","userId":"3","companyId":"3029","rootCompanyId":"3029","module":"ADMIN_MANAGER","method":"login","moduleDesc":"用户管理","moduleName":"web/AdminController","time":"2017-03-07 23:57:45"}
{"ip":"0:0:0:0:0:0:0:1","type":"select","source":"pc","userId":"3","companyId":"3029","rootCompanyId":"3029","module":"ADMIN_MANAGER","method":"login","moduleDesc":"用户管理","moduleName":"web/AdminController","time":"2017-03-07 23:57:45"}
{"ip":"0:0:0:0:0:0:0:1","type":"select","source":"pc","userId":"3","companyId":"3029","rootCompanyId":"3029","module":"ADMIN_MANAGER","method":"login","moduleDesc":"用户管理","moduleName":"web/AdminController","time":"2017-03-07 23:57:45"}
{"ip":"0:0:0:0:0:0:0:1","type":"select","source":"pc","userId":"3","companyId":"3029","rootCompanyId":"3029","module":"ADMIN_MANAGER","method":"login","moduleDesc":"用户管理","moduleName":"web/AdminController","time":"2017-03-07 23:57:45"}
{"ip":"0:0:0:0:0:0:0:1","type":"select","source":"pc","userId":"3","companyId":"3029","rootCompanyId":"3029","module":"ADMIN_MANAGER","method":"login","moduleDesc":"用户管理","moduleName":"web/AdminController","time":"2017-03-07 23:57:45"}
{"ip":"0:0:0:0:0:0:0:1","type":"select","source":"pc","userId":"3","companyId":"3029","rootCompanyId":"3029","module":"ADMIN_MANAGER","method":"login","moduleDesc":"用户管理","moduleName":"web/AdminController","time":"2017-03-07 23:57:45"}
{"ip":"0:0:0:0:0:0:0:1","type":"select","source":"pc","userId":"3","companyId":"3029","rootCompanyId":"3029","module":"ADMIN_MANAGER","method":"login","moduleDesc":"用户管理","moduleName":"web/AdminController","time":"2017-03-07 23:57:45"}
{"ip":"0:0:0:0:0:0:0:1","type":"select","source":"pc","userId":"3","companyId":"3029","rootCompanyId":"3029","module":"ADMIN_MANAGER","method":"login","moduleDesc":"用户管理","moduleName":"web/AdminController","time":"2017-03-07 23:57:45"}
{"ip":"0:0:0:0:0:0:0:1","type":"select","source":"pc","userId":"3","companyId":"3029","rootCompanyId":"3029","module":"ADMIN_MANAGER","method":"login","moduleDesc":"用户管理","moduleName":"web/AdminController","time":"2017-03-07 23:57:45"}
{"ip":"0:0:0:0:0:0:0:1","type":"select","source":"pc","userId":"3","companyId":"3029","rootCompanyId":"3029","module":"ADMIN_MANAGER","method":"login","moduleDesc":"用户管理","moduleName":"web/AdminController","time":"2017-03-07 23:57:45"}
{"ip":"0:0:0:0:0:0:0:1","type":"select","source":"pc","userId":"3","companyId":"3029","rootCompanyId":"3029","module":"ADMIN_MANAGER","method":"login","moduleDesc":"用户管理","moduleName":"web/AdminController","time":"2017-03-07 23:57:45"}
{"ip":"0:0:0:0:0:0:0:1","type":"select","source":"pc","userId":"3","companyId":"3029","rootCompanyId":"3029","module":"ADMIN_MANAGER","method":"login","moduleDesc":"用户管理","moduleName":"web/AdminController","time":"2017-03-07 23:57:45"}
{"ip":"0:0:0:0:0:0:0:1","type":"select","source":"pc","userId":"3","companyId":"3029","rootCompanyId":"3029","module":"ADMIN_MANAGER","method":"login","moduleDesc":"用户管理","moduleName":"web/AdminController","time":"2017-03-07 23:57:45"}
{"ip":"0:0:0:0:0:0:0:1","type":"select","source":"pc","userId":"3","companyId":"3029","rootCompanyId":"3029","module":"ADMIN_MANAGER","method":"login","moduleDesc":"用户管理","moduleName":"web/AdminController","time":"2017-03-07 23:57:45"}
{"ip":"0:0:0:0:0:0:0:1","type":"select","source":"pc","userId":"3","companyId":"3029","rootCompanyId":"3029","module":"ADMIN_MANAGER","method":"login","moduleDesc":"用户管理","moduleName":"web/AdminController","time":"2017-03-07 23:57:45"}
{"ip":"0:0:0:0:0:0:0:1","type":"select","source":"pc","userId":"3","companyId":"3029","rootCompanyId":"3029","module":"ADMIN_MANAGER","method":"login","moduleDesc":"用户管理","moduleName":"web/AdminController","time":"2017-03-07 23:57:45"}
{"ip":"0:0:0:0:0:0:0:1","type":"select","source":"pc","userId":"3","companyId":"3029","rootCompanyId":"3029","module":"ADMIN_MANAGER","method":"login","moduleDesc":"用户管理","moduleName":"web/AdminController","time":"2017-03-07 23:57:45"}
{"ip":"0:0:0:0:0:0:0:1","type":"select","source":"pc","userId":"3","companyId":"3029","rootCompanyId":"3029","module":"ADMIN_MANAGER","method":"login","moduleDesc":"用户管理","moduleName":"web/AdminController","time":"2017-03-07 23:57:45"}
{"ip":"0:0:0:0:0:0:0:1","type":"select","source":"pc","userId":"3","companyId":"3029","rootCompanyId":"3029","module":"ADMIN_MANAGER","method":"login","moduleDesc":"用户管理","moduleName":"web/AdminController","time":"2017-03-07 23:57:45"}
{"ip":"0:0:0:0:0:0:0:1","type":"select","source":"pc","userId":"3","companyId":"3029","rootCompanyId":"3029","module":"ADMIN_MANAGER","method":"login","moduleDesc":"用户管理","moduleName":"web/AdminController","time":"2017-03-07 23:57:45"}
{"ip":"0:0:0:0:0:0:0:1","type":"select","source":"pc","userId":"3","companyId":"3029","rootCompanyId":"3029","module":"ADMIN_MANAGER","method":"login","moduleDesc":"用户管理","moduleName":"web/AdminController","time":"2017-03-07 23:57:45"}
{"ip":"0:0:0:0:0:0:0:1","type":"select","source":"pc","userId":"3","companyId":"3029","rootCompanyId":"3029","module":"ADMIN_MANAGER","method":"login","moduleDesc":"用户管理","moduleName":"web/AdminController","time":"2017-03-07 23:57:45"}
{"ip":"0:0:0:0:0:0:0:1","type":"select","source":"pc","userId":"3","companyId":"3029","rootCompanyId":"3029","module":"ADMIN_MANAGER","method":"login","moduleDesc":"用户管理","moduleName":"web/AdminController","time":"2017-03-07 23:57:45"}
{"ip":"0:0:0:0:0:0:0:1","type":"select","source":"pc","userId":"3","companyId":"3029","rootCompanyId":"3029","module":"ADMIN_MANAGER","method":"login","moduleDesc":"用户管理","moduleName":"web/AdminController","time":"2017-03-07 23:57:45"}
{"ip":"0:0:0:0:0:0:0:1","type":"select","source":"pc","userId":"3","companyId":"3029","rootCompanyId":"3029","module":"ADMIN_MANAGER","method":"login","moduleDesc":"用户管理","moduleName":"web/AdminController","time":"2017-03-07 23:57:45"}
{"ip":"0:0:0:0:0:0:0:1","type":"select","source":"pc","userId":"3","companyId":"3029","rootCompanyId":"3029","module":"ADMIN_MANAGER","method":"login","moduleDesc":"用户管理","moduleName":"web/AdminController","time":"2017-03-07 23:57:45"}
{"ip":"0:0:0:0:0:0:0:1","type":"select","source":"pc","userId":"3","companyId":"3029","rootCompanyId":"3029","module":"ADMIN_MANAGER","method":"login","moduleDesc":"用户管理","moduleName":"web/AdminController","time":"2017-03-07 23:57:45"}
{"ip":"0:0:0:0:0:0:0:1","type":"select","source":"pc","userId":"3","companyId":"3029","rootCompanyId":"3029","module":"ADMIN_MANAGER","method":"login","moduleDesc":"用户管理","moduleName":"web/AdminController","time":"2017-03-07 23:57:45"}
{"ip":"0:0:0:0:0:0:0:1","type":"select","source":"pc","userId":"3","companyId":"3029","rootCompanyId":"3029","module":"ADMIN_MANAGER","method":"login","moduleDesc":"用户管理","moduleName":"web/AdminController","time":"2017-03-07 23:57:45"}
{"ip":"0:0:0:0:0:0:0:1","type":"select","source":"pc","userId":"3","companyId":"3029","rootCompanyId":"3029","module":"ADMIN_MANAGER","method":"login","moduleDesc":"用户管理","moduleName":"web/AdminController","time":"2017-03-07 23:57:45"}
{"ip":"0:0:0:0:0:0:0:1","type":"select","source":"pc","userId":"3","companyId":"3029","rootCompanyId":"3029","module":"ADMIN_MANAGER","method":"login","moduleDesc":"用户管理","moduleName":"web/AdminController","time":"2017-03-07 23:57:45"}
{"ip":"0:0:0:0:0:0:0:1","type":"select","source":"pc","userId":"3","companyId":"3029","rootCompanyId":"3029","module":"ADMIN_MANAGER","method":"login","moduleDesc":"用户管理","moduleName":"web/AdminController","time":"2017-03-07 23:57:45"}
{"ip":"0:0:0:0:0:0:0:1","type":"select","source":"pc","userId":"3","companyId":"3029","rootCompanyId":"3029","module":"ADMIN_MANAGER","method":"login","moduleDesc":"用户管理","moduleName":"web/AdminController","time":"2017-03-07 23:57:45"}
{"ip":"0:0:0:0:0:0:0:1","type":"select","source":"pc","userId":"3","companyId":"3029","rootCompanyId":"3029","module":"ADMIN_MANAGER","method":"login","moduleDesc":"用户管理","moduleName":"web/AdminController","time":"2017-03-07 23:57:45"}
{"ip":"0:0:0:0:0:0:0:1","type":"select","source":"pc","userId":"3","companyId":"3029","rootCompanyId":"3029","module":"ADMIN_MANAGER","method":"login","moduleDesc":"用户管理","moduleName":"web/AdminController","time":"2017-03-07 23:57:45"}
{"ip":"0:0:0:0:0:0:0:1","type":"select","source":"pc","userId":"3","companyId":"3029","rootCompanyId":"3029","module":"ADMIN_MANAGER","method":"login","moduleDesc":"用户管理","moduleName":"web/AdminController","time":"2017-03-07 23:57:45"}
{"ip":"0:0:0:0:0:0:0:1","type":"select","source":"pc","userId":"3","companyId":"3029","rootCompanyId":"3029","module":"ADMIN_MANAGER","method":"login","moduleDesc":"用户管理","moduleName":"web/AdminController","time":"2017-03-07 23:57:45"}
{"ip":"0:0:0:0:0:0:0:1","type":"select","source":"pc","userId":"3","companyId":"3029","rootCompanyId":"3029","module":"ADMIN_MANAGER","method":"login","moduleDesc":"用户管理","moduleName":"web/AdminController","time":"2017-03-07 23:57:45"}
{"ip":"0:0:0:0:0:0:0:1","type":"select","source":"pc","userId":"3","companyId":"3029","rootCompanyId":"3029","module":"ADMIN_MANAGER","method":"login","moduleDesc":"用户管理","moduleName":"web/AdminController","time":"2017-03-07 23:57:45"}
{"ip":"0:0:0:0:0:0:0:1","type":"select","source":"pc","userId":"3","companyId":"3029","rootCompanyId":"3029","module":"ADMIN_MANAGER","method":"login","moduleDesc":"用户管理","moduleName":"web/AdminController","time":"2017-03-07 23:57:45"}
{"ip":"0:0:0:0:0:0:0:1","type":"select","source":"pc","userId":"3","companyId":"3029","rootCompanyId":"3029","module":"ADMIN_MANAGER","method":"login","moduleDesc":"用户管理","moduleName":"web/AdminController","time":"2017-03-07 23:57:45"}
{"ip":"0:0:0:0:0:0:0:1","type":"select","source":"pc","userId":"3","companyId":"3029","rootCompanyId":"3029","module":"ADMIN_MANAGER","method":"login","moduleDesc":"用户管理","moduleName":"web/AdminController","time":"2017-03-07 23:57:45"}
{"ip":"0:0:0:0:0:0:0:1","type":"select","source":"pc","userId":"3","companyId":"3029","rootCompanyId":"3029","module":"ADMIN_MANAGER","method":"login","moduleDesc":"用户管理","moduleName":"web/AdminController","time":"2017-03-07 23:57:45"}
{"ip":"0:0:0:0:0:0:0:1","type":"select","source":"pc","userId":"3","companyId":"3029","rootCompanyId":"3029","module":"ADMIN_MANAGER","method":"login","moduleDesc":"用户管理","moduleName":"web/AdminController","time":"2017-03-07 23:57:45"}
{"ip":"0:0:0:0:0:0:0:1","type":"select","source":"pc","userId":"3","companyId":"3029","rootCompanyId":"3029","module":"ADMIN_MANAGER","method":"login","moduleDesc":"用户管理","moduleName":"web/AdminController","time":"2017-03-07 23:57:45"}
{"ip":"0:0:0:0:0:0:0:1","type":"select","source":"pc","userId":"3","companyId":"3029","rootCompanyId":"3029","module":"ADMIN_MANAGER","method":"login","moduleDesc":"用户管理","moduleName":"web/AdminController","time":"2017-03-07 23:57:45"}
{"ip":"0:0:0:0:0:0:0:1","type":"select","source":"pc","userId":"3","companyId":"3029","rootCompanyId":"3029","module":"ADMIN_MANAGER","method":"login","moduleDesc":"用户管理","moduleName":"web/AdminController","time":"2017-03-07 23:57:45"}
{"ip":"0:0:0:0:0:0:0:1","type":"select","source":"pc","userId":"3","companyId":"3029","rootCompanyId":"3029","module":"ADMIN_MANAGER","method":"login","moduleDesc":"用户管理","moduleName":"web/AdminController","time":"2017-03-07 23:57:45"}
{"ip":"0:0:0:0:0:0:0:1","type":"select","source":"pc","userId":"3","companyId":"3029","rootCompanyId":"3029","module":"ADMIN_MANAGER","method":"login","moduleDesc":"用户管理","moduleName":"web/AdminController","time":"2017-03-07 23:57:45"}
{"ip":"0:0:0:0:0:0:0:1","type":"select","source":"pc","userId":"3","companyId":"3029","rootCompanyId":"3029","module":"ADMIN_MANAGER","method":"login","moduleDesc":"用户管理","moduleName":"web/AdminController","time":"2017-03-07 23:57:45"}
{"ip":"0:0:0:0:0:0:0:1","type":"select","source":"pc","userId":"3","companyId":"3029","rootCompanyId":"3029","module":"ADMIN_MANAGER","method":"login","moduleDesc":"用户管理","moduleName":"web/AdminController","time":"2017-03-07 23:57:45"}
{"ip":"0:0:0:0:0:0:0:1","type":"select","source":"pc","userId":"3","companyId":"3029","rootCompanyId":"3029","module":"ADMIN_MANAGER","method":"login","moduleDesc":"用户管理","moduleName":"web/AdminController","time":"2017-03-07 23:57:45"}
{"ip":"0:0:0:0:0:0:0:1","type":"select","source":"pc","userId":"3","companyId":"3029","rootCompanyId":"3029","module":"ADMIN_MANAGER","method":"login","moduleDesc":"用户管理","moduleName":"web/AdminController","time":"2017-03-07 23:57:45"}
{"ip":"0:0:0:0:0:0:0:1","type":"select","source":"pc","userId":"3","companyId":"3029","rootCompanyId":"3029","module":"ADMIN_MANAGER","method":"login","moduleDesc":"用户管理","moduleName":"web/AdminController","time":"2017-03-07 23:57:45"}
{"ip":"0:0:0:0:0:0:0:1","type":"select","source":"pc","userId":"3","companyId":"3029","rootCompanyId":"3029","module":"ADMIN_MANAGER","method":"login","moduleDesc":"用户管理","moduleName":"web/AdminController","time":"2017-03-07 23:57:45"}
{"ip":"0:0:0:0:0:0:0:1","type":"select","source":"pc","userId":"3","companyId":"3029","rootCompanyId":"3029","module":"ADMIN_MANAGER","method":"login","moduleDesc":"用户管理","moduleName":"web/AdminController","time":"2017-03-07 23:57:45"}
{"ip":"0:0:0:0:0:0:0:1","type":"select","source":"pc","userId":"3","companyId":"3029","rootCompanyId":"3029","module":"ADMIN_MANAGER","method":"login","moduleDesc":"用户管理","moduleName":"web/AdminController","time":"2017-03-07 23:57:45"}
{"ip":"0:0:0:0:0:0:0:1","type":"select","source":"pc","userId":"3","companyId":"3029","rootCompanyId":"3029","module":"ADMIN_MANAGER","method":"login","moduleDesc":"用户管理","moduleName":"web/AdminController","time":"2017-03-07 23:57:45"}
{"ip":"0:0:0:0:0:0:0:1","type":"select","source":"pc","userId":"3","companyId":"3029","rootCompanyId":"3029","module":"ADMIN_MANAGER","method":"login","moduleDesc":"用户管理","moduleName":"web/AdminController","time":"2017-03-07 23:57:45"}
{"ip":"0:0:0:0:0:0:0:1","type":"select","source":"pc","userId":"3","companyId":"3029","rootCompanyId":"3029","module":"ADMIN_MANAGER","method":"login","moduleDesc":"用户管理","moduleName":"web/AdminController","time":"2017-03-07 23:57:45"}
{"ip":"0:0:0:0:0:0:0:1","type":"select","source":"pc","userId":"3","companyId":"3029","rootCompanyId":"3029","module":"ADMIN_MANAGER","method":"login","moduleDesc":"用户管理","moduleName":"web/AdminController","time":"2017-03-07 23:57:45"}
{"ip":"0:0:0:0:0:0:0:1","type":"select","source":"pc","userId":"3","companyId":"3029","rootCompanyId":"3029","module":"ADMIN_MANAGER","method":"login","moduleDesc":"用户管理","moduleName":"web/AdminController","time":"2017-03-07 23:57:45"}
{"ip":"0:0:0:0:0:0:0:1","type":"select","source":"pc","userId":"3","companyId":"3029","rootCompanyId":"3029","module":"ADMIN_MANAGER","method":"login","moduleDesc":"用户管理","moduleName":"web/AdminController","time":"2017-03-07 23:57:45"}
{"ip":"0:0:0:0:0:0:0:1","type":"select","source":"pc","userId":"3","companyId":"3029","rootCompanyId":"3029","module":"ADMIN_MANAGER","method":"login","moduleDesc":"用户管理","moduleName":"web/AdminController","time":"2017-03-07 23:57:45"}
{"ip":"0:0:0:0:0:0:0:1","type":"select","source":"pc","userId":"3","companyId":"3029","rootCompanyId":"3029","module":"ADMIN_MANAGER","method":"login","moduleDesc":"用户管理","moduleName":"web/AdminController","time":"2017-03-07 23:57:45"}
{"ip":"0:0:0:0:0:0:0:1","type":"select","source":"pc","userId":"3","companyId":"3029","rootCompanyId":"3029","module":"ADMIN_MANAGER","method":"login","moduleDesc":"用户管理","moduleName":"web/AdminController","time":"2017-03-07 23:57:45"}
{"ip":"0:0:0:0:0:0:0:1","type":"select","source":"pc","userId":"3","companyId":"3029","rootCompanyId":"3029","module":"ADMIN_MANAGER","method":"login","moduleDesc":"用户管理","moduleName":"web/AdminController","time":"2017-03-07 23:57:45"}
{"ip":"0:0:0:0:0:0:0:1","type":"select","source":"pc","userId":"3","companyId":"3029","rootCompanyId":"3029","module":"ADMIN_MANAGER","method":"login","moduleDesc":"用户管理","moduleName":"web/AdminController","time":"2017-03-07 23:57:45"}
{"ip":"0:0:0:0:0:0:0:1","type":"select","source":"pc","userId":"3","companyId":"3029","rootCompanyId":"3029","module":"ADMIN_MANAGER","method":"login","moduleDesc":"用户管理","moduleName":"web/AdminController","time":"2017-03-07 23:57:45"}
{"ip":"0:0:0:0:0:0:0:1","type":"select","source":"pc","userId":"3","companyId":"3029","rootCompanyId":"3029","module":"ADMIN_MANAGER","method":"login","moduleDesc":"用户管理","moduleName":"web/AdminController","time":"2017-03-07 23:57:45"}
{"ip":"0:0:0:0:0:0:0:1","type":"select","source":"pc","userId":"3","companyId":"3029","rootCompanyId":"3029","module":"ADMIN_MANAGER","method":"login","moduleDesc":"用户管理","moduleName":"web/AdminController","time":"2017-03-07 23:57:45"}
{"ip":"0:0:0:0:0:0:0:1","type":"select","source":"pc","userId":"3","companyId":"3029","rootCompanyId":"3029","module":"ADMIN_MANAGER","method":"login","moduleDesc":"用户管理","moduleName":"web/AdminController","time":"2017-03-07 23:57:45"}
{"ip":"0:0:0:0:0:0:0:1","type":"select","source":"pc","userId":"3","companyId":"3029","rootCompanyId":"3029","module":"ADMIN_MANAGER","method":"login","moduleDesc":"用户管理","moduleName":"web/AdminController","time":"2017-03-07 23:57:45"}
{"ip":"0:0:0:0:0:0:0:1","type":"select","source":"pc","userId":"3","companyId":"3029","rootCompanyId":"3029","module":"ADMIN_MANAGER","method":"login","moduleDesc":"用户管理","moduleName":"web/AdminController","time":"2017-03-07 23:57:45"}
{"ip":"0:0:0:0:0:0:0:1","type":"select","source":"pc","userId":"3","companyId":"3029","rootCompanyId":"3029","module":"ADMIN_MANAGER","method":"login","moduleDesc":"用户管理","moduleName":"web/AdminController","time":"2017-03-07 23:57:45"}
{"ip":"0:0:0:0:0:0:0:1","type":"select","source":"pc","userId":"3","companyId":"3029","rootCompanyId":"3029","module":"ADMIN_MANAGER","method":"login","moduleDesc":"用户管理","moduleName":"web/AdminController","time":"2017-03-07 23:57:45"}
{"ip":"0:0:0:0:0:0:0:1","type":"select","source":"pc","userId":"3","companyId":"3029","rootCompanyId":"3029","module":"ADMIN_MANAGER","method":"login","moduleDesc":"用户管理","moduleName":"web/AdminController","time":"2017-03-07 23:57:45"}
{"ip":"0:0:0:0:0:0:0:1","type":"select","source":"pc","userId":"3","companyId":"3029","rootCompanyId":"3029","module":"ADMIN_MANAGER","method":"login","moduleDesc":"用户管理","moduleName":"web/AdminController","time":"2017-03-07 23:57:45"}
{"ip":"0:0:0:0:0:0:0:1","type":"select","source":"pc","userId":"3","companyId":"3029","rootCompanyId":"3029","module":"ADMIN_MANAGER","method":"login","moduleDesc":"用户管理","moduleName":"web/AdminController","time":"2017-03-07 23:57:45"}
{"ip":"0:0:0:0:0:0:0:1","type":"select","source":"pc","userId":"3","companyId":"3029","rootCompanyId":"3029","module":"ADMIN_MANAGER","method":"login","moduleDesc":"用户管理","moduleName":"web/AdminController","time":"2017-03-07 23:57:45"}
{"ip":"0:0:0:0:0:0:0:1","type":"select","source":"pc","userId":"3","companyId":"3029","rootCompanyId":"3029","module":"ADMIN_MANAGER","method":"login","moduleDesc":"用户管理","moduleName":"web/AdminController","time":"2017-03-07 23:57:45"}
{"ip":"0:0:0:0:0:0:0:1","type":"select","source":"pc","userId":"3","companyId":"3029","rootCompanyId":"3029","module":"ADMIN_MANAGER","method":"login","moduleDesc":"用户管理","moduleName":"web/AdminController","time":"2017-03-07 23:57:45"}
{"ip":"0:0:0:0:0:0:0:1","type":"select","source":"pc","userId":"3","companyId":"3029","rootCompanyId":"3029","module":"ADMIN_MANAGER","method":"login","moduleDesc":"用户管理","moduleName":"web/AdminController","time":"2017-03-07 23:57:45"}
{"ip":"0:0:0:0:0:0:0:1","type":"select","source":"pc","userId":"3","companyId":"3029","rootCompanyId":"3029","module":"ADMIN_MANAGER","method":"login","moduleDesc":"用户管理","moduleName":"web/AdminController","time":"2017-03-07 23:57:45"}
{"ip":"0:0:0:0:0:0:0:1","type":"select","source":"pc","userId":"3","companyId":"3029","rootCompanyId":"3029","module":"ADMIN_MANAGER","method":"login","moduleDesc":"用户管理","moduleName":"web/AdminController","time":"2017-03-07 23:57:45"}
{"ip":"0:0:0:0:0:0:0:1","type":"select","source":"pc","userId":"3","companyId":"3029","rootCompanyId":"3029","module":"ADMIN_MANAGER","method":"login","moduleDesc":"用户管理","moduleName":"web/AdminController","time":"2017-03-07 23:57:45"}
{"ip":"0:0:0:0:0:0:0:1","type":"select","source":"pc","userId":"3","companyId":"3029","rootCompanyId":"3029","module":"ADMIN_MANAGER","method":"login","moduleDesc":"用户管理","moduleName":"web/AdminController","time":"2017-03-07 23:57:45"}
{"ip":"0:0:0:0:0:0:0:1","type":"select","source":"pc","userId":"3","companyId":"3029","rootCompanyId":"3029","module":"ADMIN_MANAGER","method":"login","moduleDesc":"用户管理","moduleName":"web/AdminController","time":"2017-03-07 23:57:45"}
{"ip":"0:0:0:0:0:0:0:1","type":"select","source":"pc","userId":"3","companyId":"3029","rootCompanyId":"3029","module":"ADMIN_MANAGER","method":"login","moduleDesc":"用户管理","moduleName":"web/AdminController","time":"2017-03-07 23:57:45"}
{"ip":"0:0:0:0:0:0:0:1","type":"select","source":"pc","userId":"3","companyId":"3029","rootCompanyId":"3029","module":"ADMIN_MANAGER","method":"login","moduleDesc":"用户管理","moduleName":"web/AdminController","time":"2017-03-07 23:57:45"}
{"ip":"0:0:0:0:0:0:0:1","type":"select","source":"pc","userId":"3","companyId":"3029","rootCompanyId":"3029","module":"ADMIN_MANAGER","method":"login","moduleDesc":"用户管理","moduleName":"web/AdminController","time":"2017-03-07 23:57:45"}
{"ip":"0:0:0:0:0:0:0:1","type":"select","source":"pc","userId":"3","companyId":"3029","rootCompanyId":"3029","module":"ADMIN_MANAGER","method":"login","moduleDesc":"用户管理","moduleName":"web/AdminController","time":"2017-03-07 23:57:45"}
{"ip":"0:0:0:0:0:0:0:1","type":"select","source":"pc","userId":"3","companyId":"3029","rootCompanyId":"3029","module":"ADMIN_MANAGER","method":"login","moduleDesc":"用户管理","moduleName":"web/AdminController","time":"2017-03-07 23:57:45"}
{"ip":"0:0:0:0:0:0:0:1","type":"select","source":"pc","userId":"3","companyId":"3029","rootCompanyId":"3029","module":"ADMIN_MANAGER","method":"login","moduleDesc":"用户管理","moduleName":"web/AdminController","time":"2017-03-07 23:57:45"}
{"ip":"0:0:0:0:0:0:0:1","type":"select","source":"pc","userId":"3","companyId":"3029","rootCompanyId":"3029","module":"ADMIN_MANAGER","method":"login","moduleDesc":"用户管理","moduleName":"web/AdminController","time":"2017-03-07 23:57:45"}
{"ip":"0:0:0:0:0:0:0:1","type":"select","source":"pc","userId":"3","companyId":"3029","rootCompanyId":"3029","module":"ADMIN_MANAGER","method":"login","moduleDesc":"用户管理","moduleName":"web/AdminController","time":"2017-03-07 23:57:45"}
{"ip":"0:0:0:0:0:0:0:1","type":"select","source":"pc","userId":"3","companyId":"3029","rootCompanyId":"3029","module":"ADMIN_MANAGER","method":"login","moduleDesc":"用户管理","moduleName":"web/AdminController","time":"2017-03-07 23:57:45"}
{"ip":"0:0:0:0:0:0:0:1","type":"select","source":"pc","userId":"3","companyId":"3029","rootCompanyId":"3029","module":"ADMIN_MANAGER","method":"login","moduleDesc":"用户管理","moduleName":"web/AdminController","time":"2017-03-07 23:57:45"}
{"ip":"0:0:0:0:0:0:0:1","type":"select","source":"pc","userId":"3","companyId":"3029","rootCompanyId":"3029","module":"ADMIN_MANAGER","method":"login","moduleDesc":"用户管理","moduleName":"web/AdminController","time":"2017-03-07 23:57:45"}
{"ip":"0:0:0:0:0:0:0:1","type":"select","source":"pc","userId":"3","companyId":"3029","rootCompanyId":"3029","module":"ADMIN_MANAGER","method":"login","moduleDesc":"用户管理","moduleName":"web/AdminController","time":"2017-03-07 23:57:45"}
{"ip":"0:0:0:0:0:0:0:1","type":"select","source":"pc","userId":"3","companyId":"3029","rootCompanyId":"3029","module":"ADMIN_MANAGER","method":"login","moduleDesc":"用户管理","moduleName":"web/AdminController","time":"2017-03-07 23:57:45"}
{"ip":"0:0:0:0:0:0:0:1","type":"select","source":"pc","userId":"3","companyId":"3029","rootCompanyId":"3029","module":"ADMIN_MANAGER","method":"login","moduleDesc":"用户管理","moduleName":"web/AdminController","time":"2017-03-07 23:57:45"}
{"ip":"0:0:0:0:0:0:0:1","type":"select","source":"pc","userId":"3","companyId":"3029","rootCompanyId":"3029","module":"ADMIN_MANAGER","method":"login","moduleDesc":"用户管理","moduleName":"web/AdminController","time":"2017-03-07 23:57:45"}
{"ip":"0:0:0:0:0:0:0:1","type":"select","source":"pc","userId":"3","companyId":"3029","rootCompanyId":"3029","module":"ADMIN_MANAGER","method":"login","moduleDesc":"用户管理","moduleName":"web/AdminController","time":"2017-03-07 23:57:45"}
{"ip":"0:0:0:0:0:0:0:1","type":"select","source":"pc","userId":"3","companyId":"3029","rootCompanyId":"3029","module":"ADMIN_MANAGER","method":"login","moduleDesc":"用户管理","moduleName":"web/AdminController","time":"2017-03-07 23:57:45"}
{"ip":"0:0:0:0:0:0:0:1","type":"select","source":"pc","userId":"3","companyId":"3029","rootCompanyId":"3029","module":"ADMIN_MANAGER","method":"login","moduleDesc":"用户管理","moduleName":"web/AdminController","time":"2017-03-07 23:57:45"}
{"ip":"0:0:0:0:0:0:0:1","type":"select","source":"pc","userId":"3","companyId":"3029","rootCompanyId":"3029","module":"ADMIN_MANAGER","method":"login","moduleDesc":"用户管理","moduleName":"web/AdminController","time":"2017-03-07 23:57:45"}
{"ip":"0:0:0:0:0:0:0:1","type":"select","source":"pc","userId":"3","companyId":"3029","rootCompanyId":"3029","module":"ADMIN_MANAGER","method":"login","moduleDesc":"用户管理","moduleName":"web/AdminController","time":"2017-03-07 23:57:45"}
{"ip":"0:0:0:0:0:0:0:1","type":"select","source":"pc","userId":"3","companyId":"3029","rootCompanyId":"3029","module":"ADMIN_MANAGER","method":"login","moduleDesc":"用户管理","moduleName":"web/AdminController","time":"2017-03-07 23:57:45"}
{"ip":"0:0:0:0:0:0:0:1","type":"select","source":"pc","userId":"3","companyId":"3029","rootCompanyId":"3029","module":"ADMIN_MANAGER","method":"login","moduleDesc":"用户管理","moduleName":"web/AdminController","time":"2017-03-07 23:57:45"}
{"ip":"0:0:0:0:0:0:0:1","type":"select","source":"pc","userId":"3","companyId":"3029","rootCompanyId":"3029","module":"ADMIN_MANAGER","method":"login","moduleDesc":"用户管理","moduleName":"web/AdminController","time":"2017-03-07 23:57:45"}
{"ip":"0:0:0:0:0:0:0:1","type":"select","source":"pc","userId":"3","companyId":"3029","rootCompanyId":"3029","module":"ADMIN_MANAGER","method":"login","moduleDesc":"用户管理","moduleName":"web/AdminController","time":"2017-03-07 23:57:45"}
{"ip":"0:0:0:0:0:0:0:1","type":"select","source":"pc","userId":"3","companyId":"3029","rootCompanyId":"3029","module":"ADMIN_MANAGER","method":"login","moduleDesc":"用户管理","moduleName":"web/AdminController","time":"2017-03-07 23:57:45"}
{"ip":"0:0:0:0:0:0:0:1","type":"select","source":"pc","userId":"3","companyId":"3029","rootCompanyId":"3029","module":"ADMIN_MANAGER","method":"login","moduleDesc":"用户管理","moduleName":"web/AdminController","time":"2017-03-07 23:57:45"}
{"ip":"0:0:0:0:0:0:0:1","type":"select","source":"pc","userId":"3","companyId":"3029","rootCompanyId":"3029","module":"ADMIN_MANAGER","method":"login","moduleDesc":"用户管理","moduleName":"web/AdminController","time":"2017-03-07 23:57:45"}
{"ip":"0:0:0:0:0:0:0:1","type":"select","source":"pc","userId":"3","companyId":"3029","rootCompanyId":"3029","module":"ADMIN_MANAGER","method":"login","moduleDesc":"用户管理","moduleName":"web/AdminController","time":"2017-03-07 23:57:45"}
{"ip":"0:0:0:0:0:0:0:1","type":"select","source":"pc","userId":"3","companyId":"3029","rootCompanyId":"3029","module":"ADMIN_MANAGER","method":"login","moduleDesc":"用户管理","moduleName":"web/AdminController","time":"2017-03-07 23:57:45"}
{"ip":"0:0:0:0:0:0:0:1","type":"select","source":"pc","userId":"3","companyId":"3029","rootCompanyId":"3029","module":"ADMIN_MANAGER","method":"login","moduleDesc":"用户管理","moduleName":"web/AdminController","time":"2017-03-07 23:57:45"}
{"ip":"0:0:0:0:0:0:0:1","type":"select","source":"pc","userId":"3","companyId":"3029","rootCompanyId":"3029","module":"ADMIN_MANAGER","method":"login","moduleDesc":"用户管理","moduleName":"web/AdminController","time":"2017-03-07 23:57:45"}
{"ip":"0:0:0:0:0:0:0:1","type":"select","source":"pc","userId":"3","companyId":"3029","rootCompanyId":"3029","module":"ADMIN_MANAGER","method":"login","moduleDesc":"用户管理","moduleName":"web/AdminController","time":"2017-03-07 23:57:45"}
{"ip":"0:0:0:0:0:0:0:1","type":"select","source":"pc","userId":"3","companyId":"3029","rootCompanyId":"3029","module":"ADMIN_MANAGER","method":"login","moduleDesc":"用户管理","moduleName":"web/AdminController","time":"2017-03-07 23:57:45"}
{"ip":"0:0:0:0:0:0:0:1","type":"select","source":"pc","userId":"3","companyId":"3029","rootCompanyId":"3029","module":"ADMIN_MANAGER","method":"login","moduleDesc":"用户管理","moduleName":"web/AdminController","time":"2017-03-07 23:57:45"}
{"ip":"0:0:0:0:0:0:0:1","type":"select","source":"pc","userId":"3","companyId":"3029","rootCompanyId":"3029","module":"ADMIN_MANAGER","method":"login","moduleDesc":"用户管理","moduleName":"web/AdminController","time":"2017-03-07 23:57:45"}
{"ip":"0:0:0:0:0:0:0:1","type":"select","source":"pc","userId":"3","companyId":"3029","rootCompanyId":"3029","module":"ADMIN_MANAGER","method":"login","moduleDesc":"用户管理","moduleName":"web/AdminController","time":"2017-03-07 23:57:45"}
{"ip":"0:0:0:0:0:0:0:1","type":"select","source":"pc","userId":"3","companyId":"3029","rootCompanyId":"3029","module":"ADMIN_MANAGER","method":"login","moduleDesc":"用户管理","moduleName":"web/AdminController","time":"2017-03-07 23:57:45"}
{"ip":"0:0:0:0:0:0:0:1","type":"select","source":"pc","userId":"3","companyId":"3029","rootCompanyId":"3029","module":"ADMIN_MANAGER","method":"login","moduleDesc":"用户管理","moduleName":"web/AdminController","time":"2017-03-07 23:57:45"}
{"ip":"0:0:0:0:0:0:0:1","type":"select","source":"pc","userId":"3","companyId":"3029","rootCompanyId":"3029","module":"ADMIN_MANAGER","method":"login","moduleDesc":"用户管理","moduleName":"web/AdminController","time":"2017-03-07 23:57:45"}
{"ip":"0:0:0:0:0:0:0:1","type":"select","source":"pc","userId":"3","companyId":"3029","rootCompanyId":"3029","module":"ADMIN_MANAGER","method":"login","moduleDesc":"用户管理","moduleName":"web/AdminController","time":"2017-03-07 23:57:45"}
{"ip":"0:0:0:0:0:0:0:1","type":"select","source":"pc","userId":"3","companyId":"3029","rootCompanyId":"3029","module":"ADMIN_MANAGER","method":"login","moduleDesc":"用户管理","moduleName":"web/AdminController","time":"2017-03-07 23:57:45"}
{"ip":"0:0:0:0:0:0:0:1","type":"select","source":"pc","userId":"3","companyId":"3029","rootCompanyId":"3029","module":"ADMIN_MANAGER","method":"login","moduleDesc":"用户管理","moduleName":"web/AdminController","time":"2017-03-07 23:57:45"}
{"ip":"0:0:0:0:0:0:0:1","type":"select","source":"pc","userId":"3","companyId":"3029","rootCompanyId":"3029","module":"ADMIN_MANAGER","method":"login","moduleDesc":"用户管理","moduleName":"web/AdminController","time":"2017-03-07 23:57:45"}
{"ip":"0:0:0:0:0:0:0:1","type":"select","source":"pc","userId":"3","companyId":"3029","rootCompanyId":"3029","module":"ADMIN_MANAGER","method":"login","moduleDesc":"用户管理","moduleName":"web/AdminController","time":"2017-03-07 23:57:45"}
{"ip":"0:0:0:0:0:0:0:1","type":"select","source":"pc","userId":"3","companyId":"3029","rootCompanyId":"3029","module":"ADMIN_MANAGER","method":"login","moduleDesc":"用户管理","moduleName":"web/AdminController","time":"2017-03-07 23:57:45"}
{"ip":"0:0:0:0:0:0:0:1","type":"select","source":"pc","userId":"3","companyId":"3029","rootCompanyId":"3029","module":"ADMIN_MANAGER","method":"login","moduleDesc":"用户管理","moduleName":"web/AdminController","time":"2017-03-07 23:57:45"}
{"ip":"0:0:0:0:0:0:0:1","type":"select","source":"pc","userId":"3","companyId":"3029","rootCompanyId":"3029","module":"ADMIN_MANAGER","method":"login","moduleDesc":"用户管理","moduleName":"web/AdminController","time":"2017-03-07 23:57:45"}
{"ip":"0:0:0:0:0:0:0:1","type":"select","source":"pc","userId":"3","companyId":"3029","rootCompanyId":"3029","module":"ADMIN_MANAGER","method":"login","moduleDesc":"用户管理","moduleName":"web/AdminController","time":"2017-03-07 23:57:45"}
{"ip":"0:0:0:0:0:0:0:1","type":"select","source":"pc","userId":"3","companyId":"3029","rootCompanyId":"3029","module":"ADMIN_MANAGER","method":"login","moduleDesc":"用户管理","moduleName":"web/AdminController","time":"2017-03-07 23:57:45"}
{"ip":"0:0:0:0:0:0:0:1","type":"select","source":"pc","userId":"3","companyId":"3029","rootCompanyId":"3029","module":"ADMIN_MANAGER","method":"login","moduleDesc":"用户管理","moduleName":"web/AdminController","time":"2017-03-07 23:57:45"}
{"ip":"0:0:0:0:0:0:0:1","type":"select","source":"pc","userId":"3","companyId":"3029","rootCompanyId":"3029","module":"ADMIN_MANAGER","method":"login","moduleDesc":"用户管理","moduleName":"web/AdminController","time":"2017-03-07 23:57:45"}
{"ip":"0:0:0:0:0:0:0:1","type":"select","source":"pc","userId":"3","companyId":"3029","rootCompanyId":"3029","module":"ADMIN_MANAGER","method":"login","moduleDesc":"用户管理","moduleName":"web/AdminController","time":"2017-03-07 23:57:45"}
{"ip":"0:0:0:0:0:0:0:1","type":"select","source":"pc","userId":"3","companyId":"3029","rootCompanyId":"3029","module":"ADMIN_MANAGER","method":"login","moduleDesc":"用户管理","moduleName":"web/AdminController","time":"2017-03-07 23:57:45"}
{"ip":"0:0:0:0:0:0:0:1","type":"select","source":"pc","userId":"3","companyId":"3029","rootCompanyId":"3029","module":"ADMIN_MANAGER","method":"login","moduleDesc":"用户管理","moduleName":"web/AdminController","time":"2017-03-07 23:57:45"}
{"ip":"0:0:0:0:0:0:0:1","type":"select","source":"pc","userId":"3","companyId":"3029","rootCompanyId":"3029","module":"ADMIN_MANAGER","method":"login","moduleDesc":"用户管理","moduleName":"web/AdminController","time":"2017-03-07 23:57:45"}